0 info it worked if it ends with ok
1 verbose cli [ 'C:\\Program Files\\nodejs\\node.exe',
1 verbose cli   'C:\\Program Files\\nodejs\\node_modules\\npm\\bin\\npm-cli.js',
1 verbose cli   'run-script',
1 verbose cli   'watch' ]
2 info using npm@3.8.9
3 info using node@v6.2.0
4 warn invalid config registry=""
5 warn invalid config Must be a full url with 'http://'
6 verbose run-script [ 'prewatch', 'watch', 'postwatch' ]
7 info lifecycle ma@1.0.0~prewatch: ma@1.0.0
8 silly lifecycle ma@1.0.0~prewatch: no script for prewatch, continuing
9 info lifecycle ma@1.0.0~watch: ma@1.0.0
10 verbose lifecycle ma@1.0.0~watch: unsafe-perm in lifecycle true
11 verbose lifecycle ma@1.0.0~watch: PATH: C:\Program Files\nodejs\node_modules\npm\bin\node-gyp-bin;D:\资源平台\ma\node_modules\.bin;C:\Program Files\nodejs;C:\oracle\product\10.2.0\client_1\bin;c:\Ora10InstantClient\bin;C:\Java\jdk1.8.0_25\bin;C:\Windows\system32;C:\Windows;C:\Windows\System32\Wbem;C:\Windows\System32\WindowsPowerShell\v1.0\;C:\Program Files\TortoiseSVN\bin;C:\Program Files (x86)\Common Files\Adobe\AGL;C:\Program Files (x86)\Diffuse;C:\Program Files (x86)\Git\cmd;C:\Program Files\nodejs\;D:\Program Files\SSH Communications Security\SSH Secure Shell;c:\Ora10InstantClient;C:\Users\Administrator\AppData\Roaming\npm
12 verbose lifecycle ma@1.0.0~watch: CWD: D:\资源平台\ma
13 silly lifecycle ma@1.0.0~watch: Args: [ '/d /s /c', 'gulp' ]
14 silly lifecycle ma@1.0.0~watch: Returned: code: 1  signal: null
15 info lifecycle ma@1.0.0~watch: Failed to exec watch script
16 verbose stack Error: ma@1.0.0 watch: `gulp`
16 verbose stack Exit status 1
16 verbose stack     at EventEmitter.<anonymous> (C:\Program Files\nodejs\node_modules\npm\lib\utils\lifecycle.js:245:16)
16 verbose stack     at emitTwo (events.js:106:13)
16 verbose stack     at EventEmitter.emit (events.js:191:7)
16 verbose stack     at ChildProcess.<anonymous> (C:\Program Files\nodejs\node_modules\npm\lib\utils\spawn.js:24:14)
16 verbose stack     at emitTwo (events.js:106:13)
16 verbose stack     at ChildProcess.emit (events.js:191:7)
16 verbose stack     at maybeClose (internal/child_process.js:850:16)
16 verbose stack     at Process.ChildProcess._handle.onexit (internal/child_process.js:215:5)
17 verbose pkgid ma@1.0.0
18 verbose cwd D:\资源平台\ma
19 error Windows_NT 6.1.7601
20 error argv "C:\\Program Files\\nodejs\\node.exe" "C:\\Program Files\\nodejs\\node_modules\\npm\\bin\\npm-cli.js" "run-script" "watch"
21 error node v6.2.0
22 error npm  v3.8.9
23 error code ELIFECYCLE
24 error ma@1.0.0 watch: `gulp`
24 error Exit status 1
25 error Failed at the ma@1.0.0 watch script 'gulp'.
25 error Make sure you have the latest version of node.js and npm installed.
25 error If you do, this is most likely a problem with the ma package,
25 error not with npm itself.
25 error Tell the author that this fails on your system:
25 error     gulp
25 error You can get information on how to open an issue for this project with:
25 error     npm bugs ma
25 error Or if that isn't available, you can get their info via:
25 error     npm owner ls ma
25 error There is likely additional logging output above.
26 verbose exit [ 1, true ]
